  [1m[35m (694.6ms)[0m  [1m[35mCREATE DATABASE "redditclone_development" ENCODING = 'unicode'[0m
  ↳ bin/rails:9
  [1m[35m (564.4ms)[0m  [1m[35mCREATE DATABASE "redditclone_test" ENCODING = 'unicode'[0m
  ↳ bin/rails:9
  [1m[35m (15.2ms)[0m  [1m[35mCREATE TABLE "schema_migrations" ("version" character varying NOT NULL PRIMARY KEY)[0m
  ↳ bin/rails:9
  [1m[35m (6.8ms)[0m  [1m[35mCREATE TABLE "ar_internal_metadata" ("key" character varying NOT NULL PRIMARY KEY, "value" character varying, "created_at" timestamp NOT NULL, "updated_at" timestamp NOT NULL)[0m
  ↳ bin/rails:9
  [1m[35m (0.2ms)[0m  [1m[34mSELECT pg_try_advisory_lock(8218155208135281360)[0m
  ↳ bin/rails:9
  [1m[35m (0.5ms)[0m  [1m[34mSELECT "schema_migrations"."version" FROM "schema_migrations" ORDER BY "schema_migrations"."version" ASC[0m
  ↳ bin/rails:9
Migrating to CreateUsers (20210820160848)
  [1m[35m (0.1ms)[0m  [1m[35mBEGIN[0m
  ↳ bin/rails:9
  [1m[35m (9.4ms)[0m  [1m[35mCREATE TABLE "users" ("id" bigserial primary key, "username" character varying NOT NULL, "password_digest" character varying NOT NULL, "session_token" character varying NOT NULL, "created_at" timestamp NOT NULL, "updated_at" timestamp NOT NULL)[0m
  ↳ db/migrate/20210820160848_create_users.rb:3
  [1m[35m (2.8ms)[0m  [1m[35mCREATE UNIQUE INDEX  "index_users_on_username" ON "users"  ("username")[0m
  ↳ db/migrate/20210820160848_create_users.rb:11
  [1m[36mActiveRecord::SchemaMigration Create (0.6ms)[0m  [1m[32mINSERT INTO "schema_migrations" ("version") VALUES ($1) RETURNING "version"[0m  [["version", "20210820160848"]]
  ↳ bin/rails:9
  [1m[35m (1.2ms)[0m  [1m[35mCOMMIT[0m
  ↳ bin/rails:9
  [1m[36mActiveRecord::InternalMetadata Load (0.4ms)[0m  [1m[34mSELECT  "ar_internal_metadata".* FROM "ar_internal_metadata" WHERE "ar_internal_metadata"."key" = $1 LIMIT $2[0m  [["key", "environment"], ["LIMIT", 1]]
  ↳ bin/rails:9
  [1m[35m (0.1ms)[0m  [1m[35mBEGIN[0m
  ↳ bin/rails:9
  [1m[36mActiveRecord::InternalMetadata Create (0.9ms)[0m  [1m[32mINSERT INTO "ar_internal_metadata" ("key", "value", "created_at", "updated_at") VALUES ($1, $2, $3, $4) RETURNING "key"[0m  [["key", "environment"], ["value", "development"], ["created_at", "2021-08-20 16:11:38.755001"], ["updated_at", "2021-08-20 16:11:38.755001"]]
  ↳ bin/rails:9
  [1m[35m (0.9ms)[0m  [1m[35mCOMMIT[0m
  ↳ bin/rails:9
  [1m[35m (0.2ms)[0m  [1m[34mSELECT pg_advisory_unlock(8218155208135281360)[0m
  ↳ bin/rails:9
  [1m[35m (0.2ms)[0m  [1m[34mSELECT "schema_migrations"."version" FROM "schema_migrations" ORDER BY "schema_migrations"."version" ASC[0m
  ↳ bin/rails:9
  [1m[35m (0.6ms)[0m  [1m[34mSELECT "schema_migrations"."version" FROM "schema_migrations" ORDER BY "schema_migrations"."version" ASC[0m
  ↳ bin/rails:9
  [1m[35m (0.5ms)[0m  [1m[34mSELECT "schema_migrations"."version" FROM "schema_migrations" ORDER BY "schema_migrations"."version" ASC[0m
  ↳ bin/rails:9
  [1m[35m (0.2ms)[0m  [1m[35mBEGIN[0m
  ↳ db/seeds.rb:9
  [1m[36mUser Exists (1.8ms)[0m  [1m[34mSELECT  1 AS one FROM "users" WHERE "users"."username" = $1 LIMIT $2[0m  [["username", "KentZ"], ["LIMIT", 1]]
  ↳ db/seeds.rb:9
  [1m[36mUser Exists (0.2ms)[0m  [1m[34mSELECT  1 AS one FROM "users" WHERE "users"."session_token" = $1 LIMIT $2[0m  [["session_token", "rgveV5mVqxJ2EayfnQGCrw"], ["LIMIT", 1]]
  ↳ db/seeds.rb:9
  [1m[36mUser Create (1.1ms)[0m  [1m[32mINSERT INTO "users" ("username", "password_digest", "session_token", "created_at", "updated_at") VALUES ($1, $2, $3, $4, $5) RETURNING "id"[0m  [["username", "KentZ"], ["password_digest", "$2a$12$gOCUmvdRAovw9ZiYYEijy.6I/Sf.UUZmS.wDBwjE.BHw8.4g.3A6W"], ["session_token", "rgveV5mVqxJ2EayfnQGCrw"], ["created_at", "2021-08-20 16:47:27.647980"], ["updated_at", "2021-08-20 16:47:27.647980"]]
  ↳ db/seeds.rb:9
  [1m[35m (1.0ms)[0m  [1m[35mCOMMIT[0m
  ↳ db/seeds.rb:9
  [1m[35m (0.2ms)[0m  [1m[35mBEGIN[0m
  ↳ db/seeds.rb:11
  [1m[36mUser Exists (0.3ms)[0m  [1m[34mSELECT  1 AS one FROM "users" WHERE "users"."username" = $1 LIMIT $2[0m  [["username", "ConnorG"], ["LIMIT", 1]]
  ↳ db/seeds.rb:11
  [1m[36mUser Exists (0.2ms)[0m  [1m[34mSELECT  1 AS one FROM "users" WHERE "users"."session_token" = $1 LIMIT $2[0m  [["session_token", "8GUCntoeHajPkeupb2dIsw"], ["LIMIT", 1]]
  ↳ db/seeds.rb:11
  [1m[36mUser Create (0.2ms)[0m  [1m[32mINSERT INTO "users" ("username", "password_digest", "session_token", "created_at", "updated_at") VALUES ($1, $2, $3, $4, $5) RETURNING "id"[0m  [["username", "ConnorG"], ["password_digest", "$2a$12$.Hjp4KLJL91ApkCSkrJ0YOIrvAcrh4HBTJ5zFSwMjoS3/BA5xcbca"], ["session_token", "8GUCntoeHajPkeupb2dIsw"], ["created_at", "2021-08-20 16:47:27.822377"], ["updated_at", "2021-08-20 16:47:27.822377"]]
  ↳ db/seeds.rb:11
  [1m[35m (2.0ms)[0m  [1m[35mCOMMIT[0m
  ↳ db/seeds.rb:11
  [1m[35m (0.2ms)[0m  [1m[35mBEGIN[0m
  ↳ db/seeds.rb:13
  [1m[36mUser Exists (0.2ms)[0m  [1m[34mSELECT  1 AS one FROM "users" WHERE "users"."username" = $1 LIMIT $2[0m  [["username", "KZ"], ["LIMIT", 1]]
  ↳ db/seeds.rb:13
  [1m[36mUser Exists (0.2ms)[0m  [1m[34mSELECT  1 AS one FROM "users" WHERE "users"."session_token" = $1 LIMIT $2[0m  [["session_token", "AALb8PSBCbEG7sh_LA4LtQ"], ["LIMIT", 1]]
  ↳ db/seeds.rb:13
  [1m[36mUser Create (0.2ms)[0m  [1m[32mINSERT INTO "users" ("username", "password_digest", "session_token", "created_at", "updated_at") VALUES ($1, $2, $3, $4, $5) RETURNING "id"[0m  [["username", "KZ"], ["password_digest", "$2a$12$4xsMgO.AkI.8pNwK/7yRZ.EsMhIwLOg0J8/emxEg11yyzhdFIixbO"], ["session_token", "AALb8PSBCbEG7sh_LA4LtQ"], ["created_at", "2021-08-20 16:47:27.999016"], ["updated_at", "2021-08-20 16:47:27.999016"]]
  ↳ db/seeds.rb:13
  [1m[35m (2.5ms)[0m  [1m[35mCOMMIT[0m
  ↳ db/seeds.rb:13
  [1m[35m (0.2ms)[0m  [1m[35mBEGIN[0m
  ↳ db/seeds.rb:15
  [1m[36mUser Exists (0.2ms)[0m  [1m[34mSELECT  1 AS one FROM "users" WHERE "users"."username" = $1 LIMIT $2[0m  [["username", "CG"], ["LIMIT", 1]]
  ↳ db/seeds.rb:15
  [1m[36mUser Exists (0.2ms)[0m  [1m[34mSELECT  1 AS one FROM "users" WHERE "users"."session_token" = $1 LIMIT $2[0m  [["session_token", "bBnuvYZftgajNyY-cJl11Q"], ["LIMIT", 1]]
  ↳ db/seeds.rb:15
  [1m[36mUser Create (0.2ms)[0m  [1m[32mINSERT INTO "users" ("username", "password_digest", "session_token", "created_at", "updated_at") VALUES ($1, $2, $3, $4, $5) RETURNING "id"[0m  [["username", "CG"], ["password_digest", "$2a$12$ZUdeUuucR7zVXgjHSWNCCuEGsDwubMNpj5AOAn1298xM0rKuWcAC."], ["session_token", "bBnuvYZftgajNyY-cJl11Q"], ["created_at", "2021-08-20 16:47:28.177157"], ["updated_at", "2021-08-20 16:47:28.177157"]]
  ↳ db/seeds.rb:15
  [1m[35m (1.9ms)[0m  [1m[35mCOMMIT[0m
  ↳ db/seeds.rb:15
Started GET "/" for ::1 at 2021-08-20 09:47:57 -0700
  [1m[35m (0.5ms)[0m  [1m[34mSELECT "schema_migrations"."version" FROM "schema_migrations" ORDER BY "schema_migrations"."version" ASC[0m
  ↳ /home/kentzhang31/.rbenv/versions/2.5.1/lib/ruby/gems/2.5.0/gems/activerecord-5.2.6/lib/active_record/log_subscriber.rb:98
Processing by Rails::WelcomeController#index as HTML
  Rendering /home/kentzhang31/.rbenv/versions/2.5.1/lib/ruby/gems/2.5.0/gems/railties-5.2.6/lib/rails/templates/rails/welcome/index.html.erb
  Rendered /home/kentzhang31/.rbenv/versions/2.5.1/lib/ruby/gems/2.5.0/gems/railties-5.2.6/lib/rails/templates/rails/welcome/index.html.erb (4.3ms)
Completed 200 OK in 14ms (Views: 10.0ms | ActiveRecord: 0.0ms)


Started GET "/users" for ::1 at 2021-08-20 09:48:01 -0700
Processing by UsersController#index as HTML
  Rendering users/index.html.erb within layouts/application
  [1m[36mUser Load (0.8ms)[0m  [1m[34mSELECT "users".* FROM "users"[0m
  ↳ app/views/users/index.html.erb:4
  Rendered users/index.html.erb within layouts/application (15.5ms)
Completed 200 OK in 634ms (Views: 625.7ms | ActiveRecord: 4.5ms)


Started GET "/users/1" for ::1 at 2021-08-20 09:48:03 -0700
Processing by UsersController#show as HTML
  Parameters: {"id"=>"1"}
  [1m[36mUser Load (0.5ms)[0m  [1m[34mSELECT  "users".* FROM "users" WHERE "users"."id" = $1 LIMIT $2[0m  [["id", 1], ["LIMIT", 1]]
  ↳ app/controllers/users_controller.rb:8
  Rendering users/show.html.erb within layouts/application
  Rendered users/show.html.erb within layouts/application (0.2ms)
Completed 200 OK in 30ms (Views: 25.9ms | ActiveRecord: 0.7ms)


Started GET "/users/1" for ::1 at 2021-08-20 09:48:45 -0700
Processing by UsersController#show as HTML
  Parameters: {"id"=>"1"}
  [1m[36mUser Load (0.3ms)[0m  [1m[34mSELECT  "users".* FROM "users" WHERE "users"."id" = $1 LIMIT $2[0m  [["id", 1], ["LIMIT", 1]]
  ↳ app/controllers/users_controller.rb:8
  Rendering users/show.html.erb within layouts/application
  Rendered users/show.html.erb within layouts/application (0.5ms)
Completed 200 OK in 28ms (Views: 26.2ms | ActiveRecord: 0.3ms)


Started GET "/users" for ::1 at 2021-08-20 09:48:47 -0700
Processing by UsersController#index as HTML
  Rendering users/index.html.erb within layouts/application
  [1m[36mUser Load (0.3ms)[0m  [1m[34mSELECT "users".* FROM "users"[0m
  ↳ app/views/users/index.html.erb:4
  Rendered users/index.html.erb within layouts/application (2.0ms)
Completed 200 OK in 26ms (Views: 25.1ms | ActiveRecord: 0.3ms)


Started GET "/users/2" for ::1 at 2021-08-20 09:48:48 -0700
Processing by UsersController#show as HTML
  Parameters: {"id"=>"2"}
  [1m[36mUser Load (0.2ms)[0m  [1m[34mSELECT  "users".* FROM "users" WHERE "users"."id" = $1 LIMIT $2[0m  [["id", 2], ["LIMIT", 1]]
  ↳ app/controllers/users_controller.rb:8
  Rendering users/show.html.erb within layouts/application
  Rendered users/show.html.erb within layouts/application (0.3ms)
Completed 200 OK in 24ms (Views: 23.2ms | ActiveRecord: 0.2ms)


Started GET "/users" for ::1 at 2021-08-20 09:48:48 -0700
Processing by UsersController#index as HTML
  Rendering users/index.html.erb within layouts/application
  [1m[36mUser Load (0.4ms)[0m  [1m[34mSELECT "users".* FROM "users"[0m
  ↳ app/views/users/index.html.erb:4
  Rendered users/index.html.erb within layouts/application (2.3ms)
Completed 200 OK in 29ms (Views: 27.9ms | ActiveRecord: 0.4ms)


Started GET "/users/3" for ::1 at 2021-08-20 09:48:49 -0700
Processing by UsersController#show as HTML
  Parameters: {"id"=>"3"}
  [1m[36mUser Load (0.2ms)[0m  [1m[34mSELECT  "users".* FROM "users" WHERE "users"."id" = $1 LIMIT $2[0m  [["id", 3], ["LIMIT", 1]]
  ↳ app/controllers/users_controller.rb:8
  Rendering users/show.html.erb within layouts/application
  Rendered users/show.html.erb within layouts/application (0.3ms)
Completed 200 OK in 28ms (Views: 26.9ms | ActiveRecord: 0.2ms)


Started GET "/users" for ::1 at 2021-08-20 09:48:50 -0700
Processing by UsersController#index as HTML
  Rendering users/index.html.erb within layouts/application
  [1m[36mUser Load (0.3ms)[0m  [1m[34mSELECT "users".* FROM "users"[0m
  ↳ app/views/users/index.html.erb:4
  Rendered users/index.html.erb within layouts/application (2.2ms)
Completed 200 OK in 29ms (Views: 28.0ms | ActiveRecord: 0.3ms)


Started GET "/users/4" for ::1 at 2021-08-20 09:48:51 -0700
Processing by UsersController#show as HTML
  Parameters: {"id"=>"4"}
  [1m[36mUser Load (0.2ms)[0m  [1m[34mSELECT  "users".* FROM "users" WHERE "users"."id" = $1 LIMIT $2[0m  [["id", 4], ["LIMIT", 1]]
  ↳ app/controllers/users_controller.rb:8
  Rendering users/show.html.erb within layouts/application
  Rendered users/show.html.erb within layouts/application (0.5ms)
Completed 200 OK in 23ms (Views: 21.6ms | ActiveRecord: 0.2ms)


Started GET "/users" for ::1 at 2021-08-20 09:48:51 -0700
Processing by UsersController#index as HTML
  Rendering users/index.html.erb within layouts/application
  [1m[36mUser Load (0.2ms)[0m  [1m[34mSELECT "users".* FROM "users"[0m
  ↳ app/views/users/index.html.erb:4
  Rendered users/index.html.erb within layouts/application (2.0ms)
Completed 200 OK in 28ms (Views: 27.4ms | ActiveRecord: 0.2ms)


Started GET "/users/new" for ::1 at 2021-08-20 09:48:58 -0700
Processing by UsersController#new as HTML
  Rendering users/new.html.erb within layouts/application
  Rendered users/new.html.erb within layouts/application (0.3ms)
Completed 200 OK in 25ms (Views: 24.9ms | ActiveRecord: 0.0ms)


Started POST "/users" for ::1 at 2021-08-20 09:49:17 -0700
Processing by UsersController#create as HTML
  Parameters: {"user"=>{"username"=>"Mickey", "Password"=>"[FILTERED]"}}
Can't verify CSRF token authenticity.
Completed 422 Unprocessable Entity in 1ms (ActiveRecord: 0.0ms)


  
ActionController::InvalidAuthenticityToken (ActionController::InvalidAuthenticityToken):
  
actionpack (5.2.6) lib/action_controller/metal/request_forgery_protection.rb:215:in `handle_unverified_request'
actionpack (5.2.6) lib/action_controller/metal/request_forgery_protection.rb:247:in `handle_unverified_request'
actionpack (5.2.6) lib/action_controller/metal/request_forgery_protection.rb:242:in `verify_authenticity_token'
activesupport (5.2.6) lib/active_support/callbacks.rb:426:in `block in make_lambda'
activesupport (5.2.6) lib/active_support/callbacks.rb:198:in `block (2 levels) in halting'
actionpack (5.2.6) lib/abstract_controller/callbacks.rb:34:in `block (2 levels) in <module:Callbacks>'
activesupport (5.2.6) lib/active_support/callbacks.rb:199:in `block in halting'
activesupport (5.2.6) lib/active_support/callbacks.rb:513:in `block in invoke_before'
activesupport (5.2.6) lib/active_support/callbacks.rb:513:in `each'
activesupport (5.2.6) lib/active_support/callbacks.rb:513:in `invoke_before'
activesupport (5.2.6) lib/active_support/callbacks.rb:131:in `run_callbacks'
actionpack (5.2.6) lib/abstract_controller/callbacks.rb:41:in `process_action'
actionpack (5.2.6) lib/action_controller/metal/rescue.rb:22:in `process_action'
actionpack (5.2.6) lib/action_controller/metal/instrumentation.rb:34:in `block in process_action'
activesupport (5.2.6) lib/active_support/notifications.rb:168:in `block in instrument'
activesupport (5.2.6) lib/active_support/notifications/instrumenter.rb:23:in `instrument'
activesupport (5.2.6) lib/active_support/notifications.rb:168:in `instrument'
actionpack (5.2.6) lib/action_controller/metal/instrumentation.rb:32:in `process_action'
actionpack (5.2.6) lib/action_controller/metal/params_wrapper.rb:256:in `process_action'
activerecord (5.2.6) lib/active_record/railties/controller_runtime.rb:24:in `process_action'
actionpack (5.2.6) lib/abstract_controller/base.rb:134:in `process'
actionview (5.2.6) lib/action_view/rendering.rb:32:in `process'
actionpack (5.2.6) lib/action_controller/metal.rb:191:in `dispatch'
actionpack (5.2.6) lib/action_controller/metal.rb:252:in `dispatch'
actionpack (5.2.6) lib/action_dispatch/routing/route_set.rb:52:in `dispatch'
actionpack (5.2.6) lib/action_dispatch/routing/route_set.rb:34:in `serve'
actionpack (5.2.6) lib/action_dispatch/journey/router.rb:52:in `block in serve'
actionpack (5.2.6) lib/action_dispatch/journey/router.rb:35:in `each'
actionpack (5.2.6) lib/action_dispatch/journey/router.rb:35:in `serve'
actionpack (5.2.6) lib/action_dispatch/routing/route_set.rb:840:in `call'
rack (2.2.3) lib/rack/tempfile_reaper.rb:15:in `call'
rack (2.2.3) lib/rack/etag.rb:27:in `call'
rack (2.2.3) lib/rack/conditional_get.rb:40:in `call'
rack (2.2.3) lib/rack/head.rb:12:in `call'
actionpack (5.2.6) lib/action_dispatch/http/content_security_policy.rb:18:in `call'
rack (2.2.3) lib/rack/session/abstract/id.rb:266:in `context'
rack (2.2.3) lib/rack/session/abstract/id.rb:260:in `call'
actionpack (5.2.6) lib/action_dispatch/middleware/cookies.rb:670:in `call'
activerecord (5.2.6) lib/active_record/migration.rb:559:in `call'
actionpack (5.2.6) lib/action_dispatch/middleware/callbacks.rb:28:in `block in call'
activesupport (5.2.6) lib/active_support/callbacks.rb:98:in `run_callbacks'
actionpack (5.2.6) lib/action_dispatch/middleware/callbacks.rb:26:in `call'
actionpack (5.2.6) lib/action_dispatch/middleware/executor.rb:14:in `call'
actionpack (5.2.6) lib/action_dispatch/middleware/debug_exceptions.rb:61:in `call'
web-console (3.7.0) lib/web_console/middleware.rb:135:in `call_app'
web-console (3.7.0) lib/web_console/middleware.rb:30:in `block in call'
web-console (3.7.0) lib/web_console/middleware.rb:20:in `catch'
web-console (3.7.0) lib/web_console/middleware.rb:20:in `call'
actionpack (5.2.6) lib/action_dispatch/middleware/show_exceptions.rb:33:in `call'
railties (5.2.6) lib/rails/rack/logger.rb:38:in `call_app'
railties (5.2.6) lib/rails/rack/logger.rb:26:in `block in call'
activesupport (5.2.6) lib/active_support/tagged_logging.rb:71:in `block in tagged'
activesupport (5.2.6) lib/active_support/tagged_logging.rb:28:in `tagged'
activesupport (5.2.6) lib/active_support/tagged_logging.rb:71:in `tagged'
railties (5.2.6) lib/rails/rack/logger.rb:26:in `call'
sprockets-rails (3.2.2) lib/sprockets/rails/quiet_assets.rb:13:in `call'
actionpack (5.2.6) lib/action_dispatch/middleware/remote_ip.rb:81:in `call'
actionpack (5.2.6) lib/action_dispatch/middleware/request_id.rb:27:in `call'
rack (2.2.3) lib/rack/method_override.rb:24:in `call'
rack (2.2.3) lib/rack/runtime.rb:22:in `call'
activesupport (5.2.6) lib/active_support/cache/strategy/local_cache_middleware.rb:29:in `call'
actionpack (5.2.6) lib/action_dispatch/middleware/executor.rb:14:in `call'
actionpack (5.2.6) lib/action_dispatch/middleware/static.rb:127:in `call'
rack (2.2.3) lib/rack/sendfile.rb:110:in `call'
railties (5.2.6) lib/rails/engine.rb:524:in `call'
puma (3.12.6) lib/puma/configuration.rb:227:in `call'
puma (3.12.6) lib/puma/server.rb:706:in `handle_request'
puma (3.12.6) lib/puma/server.rb:476:in `process_client'
puma (3.12.6) lib/puma/server.rb:334:in `block in run'
puma (3.12.6) lib/puma/thread_pool.rb:135:in `block in spawn_thread'
Started GET "/users/new" for ::1 at 2021-08-20 09:50:55 -0700
Processing by UsersController#new as HTML
  Rendering users/new.html.erb within layouts/application
  Rendered users/new.html.erb within layouts/application (0.5ms)
Completed 200 OK in 29ms (Views: 28.5ms | ActiveRecord: 0.0ms)


Started POST "/users" for ::1 at 2021-08-20 09:50:59 -0700
Processing by UsersController#create as HTML
  Parameters: {"authenticity_token"=>"woF448jm++lnbK1d1swst13CgJHZXAcJ52n9ES/imXTq/rCMX/hWPToRwrttXV+pLWFQmg9cZoZG4Xk+k/r9Cg==", "user"=>{"username"=>"Mickey", "Password"=>"[FILTERED]"}}
Unpermitted parameter: :Password
  [1m[35m (0.1ms)[0m  [1m[35mBEGIN[0m
  ↳ app/controllers/users_controller.rb:20
  [1m[36mUser Exists (0.3ms)[0m  [1m[34mSELECT  1 AS one FROM "users" WHERE "users"."username" = $1 LIMIT $2[0m  [["username", "Mickey"], ["LIMIT", 1]]
  ↳ app/controllers/users_controller.rb:20
  [1m[36mUser Exists (0.2ms)[0m  [1m[34mSELECT  1 AS one FROM "users" WHERE "users"."session_token" = $1 LIMIT $2[0m  [["session_token", "jdy6ezU0IUO6oCGEUmAuow"], ["LIMIT", 1]]
  ↳ app/controllers/users_controller.rb:20
  [1m[35m (0.2ms)[0m  [1m[31mROLLBACK[0m
  ↳ app/controllers/users_controller.rb:20
  Rendering users/new.html.erb within layouts/application
  Rendered users/new.html.erb within layouts/application (0.4ms)
Completed 200 OK in 52ms (Views: 26.1ms | ActiveRecord: 0.9ms)


Started GET "/users" for ::1 at 2021-08-20 09:51:22 -0700
Processing by UsersController#index as HTML
  Rendering users/index.html.erb within layouts/application
  [1m[36mUser Load (0.3ms)[0m  [1m[34mSELECT "users".* FROM "users"[0m
  ↳ app/views/users/index.html.erb:4
  Rendered users/index.html.erb within layouts/application (1.9ms)
Completed 200 OK in 24ms (Views: 23.7ms | ActiveRecord: 0.3ms)


Started POST "/users" for ::1 at 2021-08-20 09:51:29 -0700
Processing by UsersController#create as HTML
  Parameters: {"authenticity_token"=>"woF448jm++lnbK1d1swst13CgJHZXAcJ52n9ES/imXTq/rCMX/hWPToRwrttXV+pLWFQmg9cZoZG4Xk+k/r9Cg==", "user"=>{"username"=>"Mickey123", "Password"=>"[FILTERED]"}}
Unpermitted parameter: :Password
  [1m[35m (0.2ms)[0m  [1m[35mBEGIN[0m
  ↳ app/controllers/users_controller.rb:20
  [1m[36mUser Exists (0.3ms)[0m  [1m[34mSELECT  1 AS one FROM "users" WHERE "users"."username" = $1 LIMIT $2[0m  [["username", "Mickey123"], ["LIMIT", 1]]
  ↳ app/controllers/users_controller.rb:20
  [1m[36mUser Exists (0.3ms)[0m  [1m[34mSELECT  1 AS one FROM "users" WHERE "users"."session_token" = $1 LIMIT $2[0m  [["session_token", "JsXHNaqLX9cXiYf2D87stg"], ["LIMIT", 1]]
  ↳ app/controllers/users_controller.rb:20
  [1m[35m (0.2ms)[0m  [1m[31mROLLBACK[0m
  ↳ app/controllers/users_controller.rb:20
  Rendering users/new.html.erb within layouts/application
  Rendered users/new.html.erb within layouts/application (0.3ms)
Completed 200 OK in 32ms (Views: 26.0ms | ActiveRecord: 0.9ms)


Started POST "/users" for ::1 at 2021-08-20 09:51:57 -0700
Processing by UsersController#create as HTML
  Parameters: {"authenticity_token"=>"8sXQCsjID+u5KFXnkXbzErI51KTR4JX6fROr/XGJCZjauhhlX9aiP+RVOgEq54AMwpoErwfg9HXcmy/SzZFt5g==", "user"=>{"username"=>"Mickey", "Password"=>"[FILTERED]"}}
Unpermitted parameter: :Password
  [1m[35m (0.2ms)[0m  [1m[35mBEGIN[0m
  ↳ app/controllers/users_controller.rb:20
  [1m[36mUser Exists (0.3ms)[0m  [1m[34mSELECT  1 AS one FROM "users" WHERE "users"."username" = $1 LIMIT $2[0m  [["username", "Mickey"], ["LIMIT", 1]]
  ↳ app/controllers/users_controller.rb:20
  [1m[36mUser Exists (0.2ms)[0m  [1m[34mSELECT  1 AS one FROM "users" WHERE "users"."session_token" = $1 LIMIT $2[0m  [["session_token", "dz4rYcbhO8fOuJDrD8ijDg"], ["LIMIT", 1]]
  ↳ app/controllers/users_controller.rb:20
  [1m[35m (0.3ms)[0m  [1m[31mROLLBACK[0m
  ↳ app/controllers/users_controller.rb:20
Completed 422 Unprocessable Entity in 27ms (ActiveRecord: 3.7ms)


  
ActiveRecord::RecordInvalid (Validation failed: Password digest can't be blank):
  
app/controllers/users_controller.rb:20:in `create'
Started POST "/users" for ::1 at 2021-08-20 09:52:49 -0700
Processing by UsersController#create as HTML
  Parameters: {"authenticity_token"=>"8sXQCsjID+u5KFXnkXbzErI51KTR4JX6fROr/XGJCZjauhhlX9aiP+RVOgEq54AMwpoErwfg9HXcmy/SzZFt5g==", "user"=>{"username"=>"Mickey", "Password"=>"[FILTERED]"}}
Unpermitted parameter: :Password
  [1m[35m (0.1ms)[0m  [1m[35mBEGIN[0m
  ↳ app/controllers/users_controller.rb:20
  [1m[36mUser Exists (0.3ms)[0m  [1m[34mSELECT  1 AS one FROM "users" WHERE "users"."username" = $1 LIMIT $2[0m  [["username", "Mickey"], ["LIMIT", 1]]
  ↳ app/controllers/users_controller.rb:20
  [1m[36mUser Exists (0.2ms)[0m  [1m[34mSELECT  1 AS one FROM "users" WHERE "users"."session_token" = $1 LIMIT $2[0m  [["session_token", "z72pip2SZgUOkl9KYW1h2A"], ["LIMIT", 1]]
  ↳ app/controllers/users_controller.rb:20
  [1m[36mUser Create (0.9ms)[0m  [1m[32mINSERT INTO "users" ("username", "session_token", "created_at", "updated_at") VALUES ($1, $2, $3, $4) RETURNING "id"[0m  [["username", "Mickey"], ["session_token", "z72pip2SZgUOkl9KYW1h2A"], ["created_at", "2021-08-20 16:52:49.379778"], ["updated_at", "2021-08-20 16:52:49.379778"]]
  ↳ app/controllers/users_controller.rb:20
  [1m[35m (0.2ms)[0m  [1m[31mROLLBACK[0m
  ↳ app/controllers/users_controller.rb:20
Completed 500 Internal Server Error in 17ms (ActiveRecord: 4.4ms)


  
ActiveRecord::NotNullViolation (PG::NotNullViolation: ERROR:  null value in column "password_digest" violates not-null constraint
DETAIL:  Failing row contains (5, Mickey, null, z72pip2SZgUOkl9KYW1h2A, 2021-08-20 16:52:49.379778, 2021-08-20 16:52:49.379778).
: INSERT INTO "users" ("username", "session_token", "created_at", "updated_at") VALUES ($1, $2, $3, $4) RETURNING "id"):
  
app/controllers/users_controller.rb:20:in `create'
Started POST "/users" for ::1 at 2021-08-20 09:53:26 -0700
Processing by UsersController#create as HTML
  Parameters: {"authenticity_token"=>"8sXQCsjID+u5KFXnkXbzErI51KTR4JX6fROr/XGJCZjauhhlX9aiP+RVOgEq54AMwpoErwfg9HXcmy/SzZFt5g==", "user"=>{"username"=>"Mickey", "Password"=>"[FILTERED]"}}
Unpermitted parameter: :Password
  [1m[35m (0.1ms)[0m  [1m[35mBEGIN[0m
  ↳ app/controllers/users_controller.rb:20
  [1m[36mUser Exists (0.3ms)[0m  [1m[34mSELECT  1 AS one FROM "users" WHERE "users"."username" = $1 LIMIT $2[0m  [["username", "Mickey"], ["LIMIT", 1]]
  ↳ app/controllers/users_controller.rb:20
  [1m[36mUser Exists (0.4ms)[0m  [1m[34mSELECT  1 AS one FROM "users" WHERE "users"."session_token" = $1 LIMIT $2[0m  [["session_token", "IG7toT07pXSFrhYc7jQPLg"], ["LIMIT", 1]]
  ↳ app/controllers/users_controller.rb:20
  [1m[35m (0.2ms)[0m  [1m[31mROLLBACK[0m
  ↳ app/controllers/users_controller.rb:20
Completed 422 Unprocessable Entity in 18ms (ActiveRecord: 3.8ms)


  
ActiveRecord::RecordInvalid (Validation failed: Password digest can't be blank):
  
app/controllers/users_controller.rb:20:in `create'
Started POST "/users" for ::1 at 2021-08-20 09:54:06 -0700
Processing by UsersController#create as HTML
  Parameters: {"authenticity_token"=>"8sXQCsjID+u5KFXnkXbzErI51KTR4JX6fROr/XGJCZjauhhlX9aiP+RVOgEq54AMwpoErwfg9HXcmy/SzZFt5g==", "user"=>{"username"=>"Mickey", "Password"=>"[FILTERED]"}}
Unpermitted parameter: :Password
  [1m[35m (0.2ms)[0m  [1m[35mBEGIN[0m
  ↳ app/controllers/users_controller.rb:20
  [1m[36mUser Exists (0.3ms)[0m  [1m[34mSELECT  1 AS one FROM "users" WHERE "users"."username" = $1 LIMIT $2[0m  [["username", "Mickey"], ["LIMIT", 1]]
  ↳ app/controllers/users_controller.rb:20
  [1m[36mUser Exists (0.3ms)[0m  [1m[34mSELECT  1 AS one FROM "users" WHERE "users"."session_token" = $1 LIMIT $2[0m  [["session_token", "na1laSVbanBNidfGIgfO4w"], ["LIMIT", 1]]
  ↳ app/controllers/users_controller.rb:20
  [1m[35m (0.2ms)[0m  [1m[31mROLLBACK[0m
  ↳ app/controllers/users_controller.rb:20
Completed 422 Unprocessable Entity in 7ms (ActiveRecord: 0.9ms)


  
ActiveRecord::RecordInvalid (Validation failed: Password digest can't be blank):
  
app/controllers/users_controller.rb:20:in `create'
Started POST "/users" for ::1 at 2021-08-20 09:54:09 -0700
Processing by UsersController#create as HTML
  Parameters: {"authenticity_token"=>"8sXQCsjID+u5KFXnkXbzErI51KTR4JX6fROr/XGJCZjauhhlX9aiP+RVOgEq54AMwpoErwfg9HXcmy/SzZFt5g==", "user"=>{"username"=>"Mickey", "Password"=>"[FILTERED]"}}
Unpermitted parameter: :Password
  [1m[35m (0.1ms)[0m  [1m[35mBEGIN[0m
  ↳ app/controllers/users_controller.rb:20
  [1m[36mUser Exists (0.3ms)[0m  [1m[34mSELECT  1 AS one FROM "users" WHERE "users"."username" = $1 LIMIT $2[0m  [["username", "Mickey"], ["LIMIT", 1]]
  ↳ app/controllers/users_controller.rb:20
  [1m[36mUser Exists (0.2ms)[0m  [1m[34mSELECT  1 AS one FROM "users" WHERE "users"."session_token" = $1 LIMIT $2[0m  [["session_token", "8tIrRWZuZfhTLCyBzJj0KQ"], ["LIMIT", 1]]
  ↳ app/controllers/users_controller.rb:20
  [1m[35m (0.1ms)[0m  [1m[31mROLLBACK[0m
  ↳ app/controllers/users_controller.rb:20
Completed 422 Unprocessable Entity in 6ms (ActiveRecord: 0.8ms)


  
ActiveRecord::RecordInvalid (Validation failed: Password digest can't be blank):
  
app/controllers/users_controller.rb:20:in `create'
Started GET "/users" for ::1 at 2021-08-20 09:54:13 -0700
Processing by UsersController#index as HTML
  Rendering users/index.html.erb within layouts/application
  [1m[36mUser Load (0.3ms)[0m  [1m[34mSELECT "users".* FROM "users"[0m
  ↳ app/views/users/index.html.erb:4
  Rendered users/index.html.erb within layouts/application (1.9ms)
Completed 200 OK in 27ms (Views: 26.3ms | ActiveRecord: 0.3ms)


Started GET "/users/1" for ::1 at 2021-08-20 09:54:17 -0700
Processing by UsersController#show as HTML
  Parameters: {"id"=>"1"}
  [1m[36mUser Load (0.2ms)[0m  [1m[34mSELECT  "users".* FROM "users" WHERE "users"."id" = $1 LIMIT $2[0m  [["id", 1], ["LIMIT", 1]]
  ↳ app/controllers/users_controller.rb:8
  Rendering users/show.html.erb within layouts/application
  Rendered users/show.html.erb within layouts/application (0.3ms)
Completed 200 OK in 30ms (Views: 28.5ms | ActiveRecord: 0.2ms)


Started GET "/users" for ::1 at 2021-08-20 09:54:18 -0700
Processing by UsersController#index as HTML
  Rendering users/index.html.erb within layouts/application
  [1m[36mUser Load (0.2ms)[0m  [1m[34mSELECT "users".* FROM "users"[0m
  ↳ app/views/users/index.html.erb:4
  Rendered users/index.html.erb within layouts/application (1.6ms)
Completed 200 OK in 25ms (Views: 24.7ms | ActiveRecord: 0.2ms)


Started GET "/users/new" for ::1 at 2021-08-20 09:54:20 -0700
Processing by UsersController#new as HTML
  Rendering users/new.html.erb within layouts/application
  Rendered users/new.html.erb within layouts/application (0.4ms)
Completed 200 OK in 27ms (Views: 26.9ms | ActiveRecord: 0.0ms)


Started POST "/users" for ::1 at 2021-08-20 09:54:24 -0700
Processing by UsersController#create as HTML
  Parameters: {"authenticity_token"=>"Ue6197fi8DtrG/Sti/jpLf129SIVSTjcqpp+ek58jDd5kX2YIPxd7zZmm0swaZozjdUlKcNJWVMLEvpV8mToSQ==", "user"=>{"username"=>"Mickey", "password"=>"[FILTERED]"}}
  [1m[35m (0.2ms)[0m  [1m[35mBEGIN[0m
  ↳ app/controllers/users_controller.rb:20
  [1m[36mUser Exists (0.3ms)[0m  [1m[34mSELECT  1 AS one FROM "users" WHERE "users"."username" = $1 LIMIT $2[0m  [["username", "Mickey"], ["LIMIT", 1]]
  ↳ app/controllers/users_controller.rb:20
  [1m[36mUser Exists (0.3ms)[0m  [1m[34mSELECT  1 AS one FROM "users" WHERE "users"."session_token" = $1 LIMIT $2[0m  [["session_token", "r4LgBQ0nvwCS-N1p03Ef3Q"], ["LIMIT", 1]]
  ↳ app/controllers/users_controller.rb:20
  [1m[36mUser Create (0.4ms)[0m  [1m[32mINSERT INTO "users" ("username", "password_digest", "session_token", "created_at", "updated_at") VALUES ($1, $2, $3, $4, $5) RETURNING "id"[0m  [["username", "Mickey"], ["password_digest", "$2a$12$aAKRAPD4dVvroXX8keXBmOsBIKeNImztCH5u9oJg72iExsM9wgiTe"], ["session_token", "r4LgBQ0nvwCS-N1p03Ef3Q"], ["created_at", "2021-08-20 16:54:24.856918"], ["updated_at", "2021-08-20 16:54:24.856918"]]
  ↳ app/controllers/users_controller.rb:20
  [1m[35m (1.6ms)[0m  [1m[35mCOMMIT[0m
  ↳ app/controllers/users_controller.rb:20
Redirected to http://localhost:3000/users/6
Completed 302 Found in 186ms (ActiveRecord: 2.7ms)


Started GET "/users/6" for ::1 at 2021-08-20 09:54:24 -0700
Processing by UsersController#show as HTML
  Parameters: {"id"=>"6"}
  [1m[36mUser Load (0.1ms)[0m  [1m[34mSELECT  "users".* FROM "users" WHERE "users"."id" = $1 LIMIT $2[0m  [["id", 6], ["LIMIT", 1]]
  ↳ app/controllers/users_controller.rb:8
  Rendering users/show.html.erb within layouts/application
  Rendered users/show.html.erb within layouts/application (0.5ms)
Completed 200 OK in 28ms (Views: 26.9ms | ActiveRecord: 0.1ms)


Started GET "/users" for ::1 at 2021-08-20 09:54:28 -0700
Processing by UsersController#index as HTML
  Rendering users/index.html.erb within layouts/application
  [1m[36mUser Load (0.3ms)[0m  [1m[34mSELECT "users".* FROM "users"[0m
  ↳ app/views/users/index.html.erb:4
  Rendered users/index.html.erb within layouts/application (2.3ms)
Completed 200 OK in 29ms (Views: 28.5ms | ActiveRecord: 0.3ms)


Started GET "/users" for ::1 at 2021-08-20 10:06:13 -0700
Processing by UsersController#index as HTML
  Rendering users/index.html.erb within layouts/application
  [1m[36mUser Load (0.7ms)[0m  [1m[34mSELECT "users".* FROM "users"[0m
  ↳ app/views/users/index.html.erb:4
  Rendered users/index.html.erb within layouts/application (2.4ms)
Completed 500 Internal Server Error in 8ms (ActiveRecord: 0.7ms)


  
SyntaxError (/mnt/c/Users/kentz/OneDrive/Desktop/aa_classwork/W7/W7D5/redditclone/app/views/layouts/application.html.erb:29: syntax error, unexpected ',', expecting ')'
....append=( flash[:errors].join(, ) );@output_buffer.safe_appe...
...                              ^
/mnt/c/Users/kentz/OneDrive/Desktop/aa_classwork/W7/W7D5/redditclone/app/views/layouts/application.html.erb:30: syntax error, unexpected keyword_end, expecting ')'
'.freeze;     end 
              ^~~
/mnt/c/Users/kentz/OneDrive/Desktop/aa_classwork/W7/W7D5/redditclone/app/views/layouts/application.html.erb:35: syntax error, unexpected keyword_ensure, expecting ')'
          ensure
          ^~~~~~
/mnt/c/Users/kentz/OneDrive/Desktop/aa_classwork/W7/W7D5/redditclone/app/views/layouts/application.html.erb:37: syntax error, unexpected keyword_end, expecting ')'
          end
          ^~~):
  
app/views/layouts/application.html.erb:29: syntax error, unexpected ',', expecting ')'
app/views/layouts/application.html.erb:30: syntax error, unexpected keyword_end, expecting ')'
app/views/layouts/application.html.erb:35: syntax error, unexpected keyword_ensure, expecting ')'
app/views/layouts/application.html.erb:37: syntax error, unexpected keyword_end, expecting ')'
app/controllers/users_controller.rb:4:in `index'
Started GET "/users" for ::1 at 2021-08-20 10:06:29 -0700
Processing by UsersController#index as HTML
  Rendering users/index.html.erb within layouts/application
  [1m[36mUser Load (0.2ms)[0m  [1m[34mSELECT "users".* FROM "users"[0m
  ↳ app/views/users/index.html.erb:4
  Rendered users/index.html.erb within layouts/application (1.7ms)
Completed 500 Internal Server Error in 9ms (ActiveRecord: 0.2ms)


  
SyntaxError (/mnt/c/Users/kentz/OneDrive/Desktop/aa_classwork/W7/W7D5/redditclone/app/views/layouts/application.html.erb:29: syntax error, unexpected ',', expecting ')'
...rs].errors.full_messages.join(, ) );@output_buffer.safe_appe...
...                              ^
/mnt/c/Users/kentz/OneDrive/Desktop/aa_classwork/W7/W7D5/redditclone/app/views/layouts/application.html.erb:30: syntax error, unexpected keyword_end, expecting ')'
'.freeze;     end 
              ^~~
/mnt/c/Users/kentz/OneDrive/Desktop/aa_classwork/W7/W7D5/redditclone/app/views/layouts/application.html.erb:35: syntax error, unexpected keyword_ensure, expecting ')'
          ensure
          ^~~~~~
/mnt/c/Users/kentz/OneDrive/Desktop/aa_classwork/W7/W7D5/redditclone/app/views/layouts/application.html.erb:37: syntax error, unexpected keyword_end, expecting ')'
          end
          ^~~):
  
app/views/layouts/application.html.erb:29: syntax error, unexpected ',', expecting ')'
app/views/layouts/application.html.erb:30: syntax error, unexpected keyword_end, expecting ')'
app/views/layouts/application.html.erb:35: syntax error, unexpected keyword_ensure, expecting ')'
app/views/layouts/application.html.erb:37: syntax error, unexpected keyword_end, expecting ')'
app/controllers/users_controller.rb:4:in `index'
Started GET "/users" for ::1 at 2021-08-20 10:06:43 -0700
Processing by UsersController#index as HTML
  Rendering users/index.html.erb within layouts/application
  [1m[36mUser Load (0.3ms)[0m  [1m[34mSELECT "users".* FROM "users"[0m
  ↳ app/views/users/index.html.erb:4
  Rendered users/index.html.erb within layouts/application (1.7ms)
Completed 500 Internal Server Error in 7ms (ActiveRecord: 0.3ms)


  
SyntaxError (/mnt/c/Users/kentz/OneDrive/Desktop/aa_classwork/W7/W7D5/redditclone/app/views/layouts/application.html.erb:29: syntax error, unexpected ',', expecting ')'
...ser.errors.full_messages.join(, ) );@output_buffer.safe_appe...
...                              ^
/mnt/c/Users/kentz/OneDrive/Desktop/aa_classwork/W7/W7D5/redditclone/app/views/layouts/application.html.erb:30: syntax error, unexpected keyword_end, expecting ')'
'.freeze;     end 
              ^~~
/mnt/c/Users/kentz/OneDrive/Desktop/aa_classwork/W7/W7D5/redditclone/app/views/layouts/application.html.erb:35: syntax error, unexpected keyword_ensure, expecting ')'
          ensure
          ^~~~~~
/mnt/c/Users/kentz/OneDrive/Desktop/aa_classwork/W7/W7D5/redditclone/app/views/layouts/application.html.erb:37: syntax error, unexpected keyword_end, expecting ')'
          end
          ^~~):
  
app/views/layouts/application.html.erb:29: syntax error, unexpected ',', expecting ')'
app/views/layouts/application.html.erb:30: syntax error, unexpected keyword_end, expecting ')'
app/views/layouts/application.html.erb:35: syntax error, unexpected keyword_ensure, expecting ')'
app/views/layouts/application.html.erb:37: syntax error, unexpected keyword_end, expecting ')'
app/controllers/users_controller.rb:4:in `index'
Started GET "/users" for ::1 at 2021-08-20 10:06:51 -0700
Processing by UsersController#index as HTML
  Rendering users/index.html.erb within layouts/application
  [1m[36mUser Load (0.3ms)[0m  [1m[34mSELECT "users".* FROM "users"[0m
  ↳ app/views/users/index.html.erb:4
  Rendered users/index.html.erb within layouts/application (1.6ms)
Completed 500 Internal Server Error in 121ms (ActiveRecord: 0.3ms)


  
ActionView::Template::Error (undefined method `logged_in?' for #<#<Class:0x00007ff6280782f0>:0x00007ff62c0aebd0>
Did you mean?  logger?):
    10:   </head>
    11: 
    12:   <body>
    13:     <% if logged_in? %>
    14:       <form action="<%= session_url %>" method="POST">
    15:         <input type="hidden" name="_method" value="DELETE">
    16:         <input type="hidden" name="authenticity_token" value="<%= form_authenticity_token %>"
  
app/views/layouts/application.html.erb:13:in `_app_views_layouts_application_html_erb__740272809960846470_70347638778040'
app/controllers/users_controller.rb:4:in `index'
Started GET "/users" for ::1 at 2021-08-20 10:07:27 -0700
Processing by UsersController#index as HTML
  Rendering users/index.html.erb within layouts/application
  [1m[36mUser Load (0.3ms)[0m  [1m[34mSELECT "users".* FROM "users"[0m
  ↳ app/views/users/index.html.erb:4
  Rendered users/index.html.erb within layouts/application (12.6ms)
  [1m[36mUser Load (0.2ms)[0m  [1m[34mSELECT  "users".* FROM "users" WHERE "users"."session_token" IS NULL LIMIT $1[0m  [["LIMIT", 1]]
  ↳ app/controllers/application_controller.rb:8
Completed 200 OK in 50ms (Views: 39.3ms | ActiveRecord: 6.7ms)


Started GET "/users" for ::1 at 2021-08-20 10:07:45 -0700
Processing by UsersController#index as HTML
  Rendering users/index.html.erb within layouts/application
  [1m[36mUser Load (0.3ms)[0m  [1m[34mSELECT "users".* FROM "users"[0m
  ↳ app/views/users/index.html.erb:4
  Rendered users/index.html.erb within layouts/application (2.1ms)
  [1m[36mUser Load (0.2ms)[0m  [1m[34mSELECT  "users".* FROM "users" WHERE "users"."session_token" IS NULL LIMIT $1[0m  [["LIMIT", 1]]
  ↳ app/controllers/application_controller.rb:8
Completed 200 OK in 31ms (Views: 30.3ms | ActiveRecord: 0.5ms)


Started GET "/users/new" for ::1 at 2021-08-20 10:07:47 -0700
Processing by UsersController#new as HTML
  Rendering users/new.html.erb within layouts/application
  Rendered users/new.html.erb within layouts/application (0.3ms)
  [1m[36mUser Load (0.2ms)[0m  [1m[34mSELECT  "users".* FROM "users" WHERE "users"."session_token" IS NULL LIMIT $1[0m  [["LIMIT", 1]]
  ↳ app/controllers/application_controller.rb:8
Completed 200 OK in 25ms (Views: 24.1ms | ActiveRecord: 0.2ms)


Started GET "/session/new" for ::1 at 2021-08-20 10:07:53 -0700
Processing by SessionsController#new as HTML
  Rendering sessions/new.html.erb within layouts/application
  Rendered sessions/new.html.erb within layouts/application (0.5ms)
  [1m[36mUser Load (0.3ms)[0m  [1m[34mSELECT  "users".* FROM "users" WHERE "users"."session_token" IS NULL LIMIT $1[0m  [["LIMIT", 1]]
  ↳ app/controllers/application_controller.rb:8
Completed 200 OK in 31ms (Views: 29.9ms | ActiveRecord: 0.3ms)


Started GET "/users/new" for ::1 at 2021-08-20 10:07:55 -0700
Processing by UsersController#new as HTML
  Rendering users/new.html.erb within layouts/application
  Rendered users/new.html.erb within layouts/application (0.3ms)
  [1m[36mUser Load (0.3ms)[0m  [1m[34mSELECT  "users".* FROM "users" WHERE "users"."session_token" IS NULL LIMIT $1[0m  [["LIMIT", 1]]
  ↳ app/controllers/application_controller.rb:8
Completed 200 OK in 29ms (Views: 28.1ms | ActiveRecord: 0.3ms)


Started GET "/session/new" for ::1 at 2021-08-20 10:07:55 -0700
Processing by SessionsController#new as HTML
  Rendering sessions/new.html.erb within layouts/application
  Rendered sessions/new.html.erb within layouts/application (0.5ms)
  [1m[36mUser Load (0.2ms)[0m  [1m[34mSELECT  "users".* FROM "users" WHERE "users"."session_token" IS NULL LIMIT $1[0m  [["LIMIT", 1]]
  ↳ app/controllers/application_controller.rb:8
Completed 200 OK in 31ms (Views: 29.8ms | ActiveRecord: 0.2ms)


Started GET "/users/new" for ::1 at 2021-08-20 10:07:56 -0700
Processing by UsersController#new as HTML
  Rendering users/new.html.erb within layouts/application
  Rendered users/new.html.erb within layouts/application (0.4ms)
  [1m[36mUser Load (0.2ms)[0m  [1m[34mSELECT  "users".* FROM "users" WHERE "users"."session_token" IS NULL LIMIT $1[0m  [["LIMIT", 1]]
  ↳ app/controllers/application_controller.rb:8
Completed 200 OK in 23ms (Views: 22.6ms | ActiveRecord: 0.2ms)


Started GET "/session/new" for ::1 at 2021-08-20 10:07:56 -0700
Processing by SessionsController#new as HTML
  Rendering sessions/new.html.erb within layouts/application
  Rendered sessions/new.html.erb within layouts/application (0.4ms)
  [1m[36mUser Load (0.2ms)[0m  [1m[34mSELECT  "users".* FROM "users" WHERE "users"."session_token" IS NULL LIMIT $1[0m  [["LIMIT", 1]]
  ↳ app/controllers/application_controller.rb:8
Completed 200 OK in 24ms (Views: 23.4ms | ActiveRecord: 0.2ms)


Started GET "/session/new" for ::1 at 2021-08-20 10:07:57 -0700
Processing by SessionsController#new as HTML
  Rendering sessions/new.html.erb within layouts/application
  Rendered sessions/new.html.erb within layouts/application (0.5ms)
  [1m[36mUser Load (0.2ms)[0m  [1m[34mSELECT  "users".* FROM "users" WHERE "users"."session_token" IS NULL LIMIT $1[0m  [["LIMIT", 1]]
  ↳ app/controllers/application_controller.rb:8
Completed 200 OK in 22ms (Views: 21.8ms | ActiveRecord: 0.2ms)


Started GET "/users/new" for ::1 at 2021-08-20 10:07:58 -0700
Processing by UsersController#new as HTML
  Rendering users/new.html.erb within layouts/application
  Rendered users/new.html.erb within layouts/application (0.5ms)
  [1m[36mUser Load (0.3ms)[0m  [1m[34mSELECT  "users".* FROM "users" WHERE "users"."session_token" IS NULL LIMIT $1[0m  [["LIMIT", 1]]
  ↳ app/controllers/application_controller.rb:8
Completed 200 OK in 26ms (Views: 25.6ms | ActiveRecord: 0.3ms)


Started GET "/session/new" for ::1 at 2021-08-20 10:07:58 -0700
Processing by SessionsController#new as HTML
  Rendering sessions/new.html.erb within layouts/application
  Rendered sessions/new.html.erb within layouts/application (0.3ms)
  [1m[36mUser Load (0.2ms)[0m  [1m[34mSELECT  "users".* FROM "users" WHERE "users"."session_token" IS NULL LIMIT $1[0m  [["LIMIT", 1]]
  ↳ app/controllers/application_controller.rb:8
Completed 200 OK in 23ms (Views: 22.6ms | ActiveRecord: 0.2ms)


Started GET "/users/new" for ::1 at 2021-08-20 10:07:59 -0700
Processing by UsersController#new as HTML
  Rendering users/new.html.erb within layouts/application
  Rendered users/new.html.erb within layouts/application (0.4ms)
  [1m[36mUser Load (0.2ms)[0m  [1m[34mSELECT  "users".* FROM "users" WHERE "users"."session_token" IS NULL LIMIT $1[0m  [["LIMIT", 1]]
  ↳ app/controllers/application_controller.rb:8
Completed 200 OK in 23ms (Views: 22.6ms | ActiveRecord: 0.2ms)


Started POST "/users" for ::1 at 2021-08-20 10:08:17 -0700
Processing by UsersController#create as HTML
  Parameters: {"authenticity_token"=>"W4Vzc6QVaAKykr3lRW8JrE5TaPt4tUxS0TvJZSvn4DZz+rscMwvF1u/v0gP+/nqyPvC48K61Ld1ws01Kl/+ESA==", "user"=>{"username"=>"Dog123", "password"=>"[FILTERED]"}}
  [1m[35m (0.2ms)[0m  [1m[35mBEGIN[0m
  ↳ app/controllers/users_controller.rb:20
  [1m[36mUser Exists (0.5ms)[0m  [1m[34mSELECT  1 AS one FROM "users" WHERE "users"."username" = $1 LIMIT $2[0m  [["username", "Dog123"], ["LIMIT", 1]]
  ↳ app/controllers/users_controller.rb:20
  [1m[36mUser Exists (0.2ms)[0m  [1m[34mSELECT  1 AS one FROM "users" WHERE "users"."session_token" = $1 LIMIT $2[0m  [["session_token", "BDUciVE689608BSc5KM-fQ"], ["LIMIT", 1]]
  ↳ app/controllers/users_controller.rb:20
  [1m[36mUser Create (0.5ms)[0m  [1m[32mINSERT INTO "users" ("username", "password_digest", "session_token", "created_at", "updated_at") VALUES ($1, $2, $3, $4, $5) RETURNING "id"[0m  [["username", "Dog123"], ["password_digest", "$2a$12$3gTWg5u7akVMzHe0kh80AuyFHoKKG9ulMBj4aVIIN92Oa1XPczMwy"], ["session_token", "BDUciVE689608BSc5KM-fQ"], ["created_at", "2021-08-20 17:08:17.780835"], ["updated_at", "2021-08-20 17:08:17.780835"]]
  ↳ app/controllers/users_controller.rb:20
  [1m[35m (1.7ms)[0m  [1m[35mCOMMIT[0m
  ↳ app/controllers/users_controller.rb:20
Redirected to http://localhost:3000/users/7
Completed 302 Found in 187ms (ActiveRecord: 3.1ms)


Started GET "/users/7" for ::1 at 2021-08-20 10:08:17 -0700
Processing by UsersController#show as HTML
  Parameters: {"id"=>"7"}
  [1m[36mUser Load (0.2ms)[0m  [1m[34mSELECT  "users".* FROM "users" WHERE "users"."id" = $1 LIMIT $2[0m  [["id", 7], ["LIMIT", 1]]
  ↳ app/controllers/users_controller.rb:8
  Rendering users/show.html.erb within layouts/application
  Rendered users/show.html.erb within layouts/application (0.5ms)
  [1m[36mUser Load (0.2ms)[0m  [1m[34mSELECT  "users".* FROM "users" WHERE "users"."session_token" IS NULL LIMIT $1[0m  [["LIMIT", 1]]
  ↳ app/controllers/application_controller.rb:8
Completed 200 OK in 25ms (Views: 23.7ms | ActiveRecord: 0.4ms)


Started GET "/users" for ::1 at 2021-08-20 10:08:19 -0700
Processing by UsersController#index as HTML
  Rendering users/index.html.erb within layouts/application
  [1m[36mUser Load (0.3ms)[0m  [1m[34mSELECT "users".* FROM "users"[0m
  ↳ app/views/users/index.html.erb:4
  Rendered users/index.html.erb within layouts/application (2.9ms)
  [1m[36mUser Load (0.2ms)[0m  [1m[34mSELECT  "users".* FROM "users" WHERE "users"."session_token" IS NULL LIMIT $1[0m  [["LIMIT", 1]]
  ↳ app/controllers/application_controller.rb:8
Completed 200 OK in 27ms (Views: 26.3ms | ActiveRecord: 0.5ms)


Started GET "/users/7" for ::1 at 2021-08-20 10:08:32 -0700
Processing by UsersController#show as HTML
  Parameters: {"id"=>"7"}
  [1m[36mUser Load (0.2ms)[0m  [1m[34mSELECT  "users".* FROM "users" WHERE "users"."id" = $1 LIMIT $2[0m  [["id", 7], ["LIMIT", 1]]
  ↳ app/controllers/users_controller.rb:8
  Rendering users/show.html.erb within layouts/application
  Rendered users/show.html.erb within layouts/application (0.3ms)
  [1m[36mUser Load (0.2ms)[0m  [1m[34mSELECT  "users".* FROM "users" WHERE "users"."session_token" IS NULL LIMIT $1[0m  [["LIMIT", 1]]
  ↳ app/controllers/application_controller.rb:8
Completed 200 OK in 33ms (Views: 31.1ms | ActiveRecord: 0.4ms)


Started GET "/users" for ::1 at 2021-08-20 10:08:34 -0700
Processing by UsersController#index as HTML
  Rendering users/index.html.erb within layouts/application
  [1m[36mUser Load (0.2ms)[0m  [1m[34mSELECT "users".* FROM "users"[0m
  ↳ app/views/users/index.html.erb:4
  Rendered users/index.html.erb within layouts/application (1.6ms)
  [1m[36mUser Load (0.2ms)[0m  [1m[34mSELECT  "users".* FROM "users" WHERE "users"."session_token" IS NULL LIMIT $1[0m  [["LIMIT", 1]]
  ↳ app/controllers/application_controller.rb:8
Completed 200 OK in 27ms (Views: 26.4ms | ActiveRecord: 0.4ms)


Started GET "/users" for ::1 at 2021-08-20 10:09:15 -0700
Processing by UsersController#index as HTML
  Rendering users/index.html.erb within layouts/application
  [1m[36mUser Load (0.3ms)[0m  [1m[34mSELECT "users".* FROM "users"[0m
  ↳ app/views/users/index.html.erb:4
  Rendered users/index.html.erb within layouts/application (2.0ms)
  [1m[36mUser Load (0.2ms)[0m  [1m[34mSELECT  "users".* FROM "users" WHERE "users"."session_token" IS NULL LIMIT $1[0m  [["LIMIT", 1]]
  ↳ app/controllers/application_controller.rb:8
Completed 200 OK in 27ms (Views: 25.9ms | ActiveRecord: 0.5ms)


Started GET "/session/new" for ::1 at 2021-08-20 10:09:17 -0700
Processing by SessionsController#new as HTML
  Rendering sessions/new.html.erb within layouts/application
  Rendered sessions/new.html.erb within layouts/application (0.5ms)
  [1m[36mUser Load (0.3ms)[0m  [1m[34mSELECT  "users".* FROM "users" WHERE "users"."session_token" IS NULL LIMIT $1[0m  [["LIMIT", 1]]
  ↳ app/controllers/application_controller.rb:8
Completed 200 OK in 27ms (Views: 25.8ms | ActiveRecord: 0.3ms)


Started POST "/session" for ::1 at 2021-08-20 10:09:21 -0700
Processing by SessionsController#create as HTML
  Parameters: {"authenticity_token"=>"U0TmPthN/3I47cpDgrKi68INvW9fDDWO1hIMXn/fTRZ7Oy5RT1NSpmWQpaU5I9H1sq5tZIkMVAF3mohxw8cpaA==", "user"=>{"username"=>"Mickey", "password"=>"[FILTERED]"}}
  [1m[36mUser Load (0.2ms)[0m  [1m[34mSELECT  "users".* FROM "users" WHERE "users"."username" = $1 LIMIT $2[0m  [["username", "Mickey"], ["LIMIT", 1]]
  ↳ app/models/user.rb:12
  [1m[35m (0.2ms)[0m  [1m[35mBEGIN[0m
  ↳ app/models/user.rb:31
  [1m[36mUser Exists (0.4ms)[0m  [1m[34mSELECT  1 AS one FROM "users" WHERE "users"."username" = $1 AND "users"."id" != $2 LIMIT $3[0m  [["username", "Mickey"], ["id", 6], ["LIMIT", 1]]
  ↳ app/models/user.rb:31
  [1m[36mUser Exists (0.3ms)[0m  [1m[34mSELECT  1 AS one FROM "users" WHERE "users"."session_token" = $1 AND "users"."id" != $2 LIMIT $3[0m  [["session_token", "8YcJMqcZYPnBuUk-OKkTTg"], ["id", 6], ["LIMIT", 1]]
  ↳ app/models/user.rb:31
  [1m[36mUser Update (0.3ms)[0m  [1m[33mUPDATE "users" SET "session_token" = $1, "updated_at" = $2 WHERE "users"."id" = $3[0m  [["session_token", "8YcJMqcZYPnBuUk-OKkTTg"], ["updated_at", "2021-08-20 17:09:21.367372"], ["id", 6]]
  ↳ app/models/user.rb:31
  [1m[35m (1.5ms)[0m  [1m[35mCOMMIT[0m
  ↳ app/models/user.rb:31
Redirected to http://localhost:3000/users/6
Completed 302 Found in 186ms (ActiveRecord: 2.9ms)


Started GET "/users/6" for ::1 at 2021-08-20 10:09:21 -0700
Processing by UsersController#show as HTML
  Parameters: {"id"=>"6"}
  [1m[36mUser Load (0.2ms)[0m  [1m[34mSELECT  "users".* FROM "users" WHERE "users"."id" = $1 LIMIT $2[0m  [["id", 6], ["LIMIT", 1]]
  ↳ app/controllers/users_controller.rb:8
  Rendering users/show.html.erb within layouts/application
  Rendered users/show.html.erb within layouts/application (0.3ms)
  [1m[36mUser Load (0.2ms)[0m  [1m[34mSELECT  "users".* FROM "users" WHERE "users"."session_token" = $1 LIMIT $2[0m  [["session_token", "8YcJMqcZYPnBuUk-OKkTTg"], ["LIMIT", 1]]
  ↳ app/controllers/application_controller.rb:8
Completed 200 OK in 29ms (Views: 27.1ms | ActiveRecord: 0.5ms)


Started GET "/users" for ::1 at 2021-08-20 10:09:49 -0700
Processing by UsersController#index as HTML
  Rendering users/index.html.erb within layouts/application
  [1m[36mUser Load (0.3ms)[0m  [1m[34mSELECT "users".* FROM "users"[0m
  ↳ app/views/users/index.html.erb:4
  Rendered users/index.html.erb within layouts/application (2.0ms)
  [1m[36mUser Load (0.3ms)[0m  [1m[34mSELECT  "users".* FROM "users" WHERE "users"."session_token" = $1 LIMIT $2[0m  [["session_token", "8YcJMqcZYPnBuUk-OKkTTg"], ["LIMIT", 1]]
  ↳ app/controllers/application_controller.rb:8
Completed 200 OK in 26ms (Views: 24.7ms | ActiveRecord: 0.6ms)


Started GET "/users" for ::1 at 2021-08-20 10:10:12 -0700
Processing by UsersController#index as HTML
  Rendering users/index.html.erb within layouts/application
  [1m[36mUser Load (0.4ms)[0m  [1m[34mSELECT "users".* FROM "users"[0m
  ↳ app/views/users/index.html.erb:4
  Rendered users/index.html.erb within layouts/application (2.5ms)
  [1m[36mUser Load (0.3ms)[0m  [1m[34mSELECT  "users".* FROM "users" WHERE "users"."session_token" = $1 LIMIT $2[0m  [["session_token", "8YcJMqcZYPnBuUk-OKkTTg"], ["LIMIT", 1]]
  ↳ app/controllers/application_controller.rb:8
Completed 200 OK in 29ms (Views: 28.2ms | ActiveRecord: 0.7ms)


Started GET "/users/6" for ::1 at 2021-08-20 10:10:15 -0700
Processing by UsersController#show as HTML
  Parameters: {"id"=>"6"}
  [1m[36mUser Load (0.2ms)[0m  [1m[34mSELECT  "users".* FROM "users" WHERE "users"."id" = $1 LIMIT $2[0m  [["id", 6], ["LIMIT", 1]]
  ↳ app/controllers/users_controller.rb:8
  Rendering users/show.html.erb within layouts/application
  Rendered users/show.html.erb within layouts/application (0.3ms)
  [1m[36mUser Load (0.2ms)[0m  [1m[34mSELECT  "users".* FROM "users" WHERE "users"."session_token" = $1 LIMIT $2[0m  [["session_token", "8YcJMqcZYPnBuUk-OKkTTg"], ["LIMIT", 1]]
  ↳ app/controllers/application_controller.rb:8
Completed 200 OK in 27ms (Views: 24.9ms | ActiveRecord: 0.5ms)


Started GET "/users" for ::1 at 2021-08-20 10:10:16 -0700
Processing by UsersController#index as HTML
  Rendering users/index.html.erb within layouts/application
  [1m[36mUser Load (0.4ms)[0m  [1m[34mSELECT "users".* FROM "users"[0m
  ↳ app/views/users/index.html.erb:4
  Rendered users/index.html.erb within layouts/application (2.7ms)
  [1m[36mUser Load (0.4ms)[0m  [1m[34mSELECT  "users".* FROM "users" WHERE "users"."session_token" = $1 LIMIT $2[0m  [["session_token", "8YcJMqcZYPnBuUk-OKkTTg"], ["LIMIT", 1]]
  ↳ app/controllers/application_controller.rb:8
Completed 200 OK in 30ms (Views: 29.3ms | ActiveRecord: 0.8ms)


Started GET "/users" for ::1 at 2021-08-20 10:10:17 -0700
Processing by UsersController#index as HTML
  Rendering users/index.html.erb within layouts/application
  [1m[36mUser Load (0.3ms)[0m  [1m[34mSELECT "users".* FROM "users"[0m
  ↳ app/views/users/index.html.erb:4
  Rendered users/index.html.erb within layouts/application (2.7ms)
  [1m[36mUser Load (0.3ms)[0m  [1m[34mSELECT  "users".* FROM "users" WHERE "users"."session_token" = $1 LIMIT $2[0m  [["session_token", "8YcJMqcZYPnBuUk-OKkTTg"], ["LIMIT", 1]]
  ↳ app/controllers/application_controller.rb:8
Completed 200 OK in 29ms (Views: 27.9ms | ActiveRecord: 0.6ms)


Started GET "/users/1" for ::1 at 2021-08-20 10:10:19 -0700
Processing by UsersController#show as HTML
  Parameters: {"id"=>"1"}
  [1m[36mUser Load (0.3ms)[0m  [1m[34mSELECT  "users".* FROM "users" WHERE "users"."id" = $1 LIMIT $2[0m  [["id", 1], ["LIMIT", 1]]
  ↳ app/controllers/users_controller.rb:8
  Rendering users/show.html.erb within layouts/application
  Rendered users/show.html.erb within layouts/application (0.4ms)
  [1m[36mUser Load (0.2ms)[0m  [1m[34mSELECT  "users".* FROM "users" WHERE "users"."session_token" = $1 LIMIT $2[0m  [["session_token", "8YcJMqcZYPnBuUk-OKkTTg"], ["LIMIT", 1]]
  ↳ app/controllers/application_controller.rb:8
Completed 200 OK in 25ms (Views: 23.2ms | ActiveRecord: 0.5ms)


Started GET "/users" for ::1 at 2021-08-20 10:10:20 -0700
Processing by UsersController#index as HTML
  Rendering users/index.html.erb within layouts/application
  [1m[36mUser Load (0.2ms)[0m  [1m[34mSELECT "users".* FROM "users"[0m
  ↳ app/views/users/index.html.erb:4
  Rendered users/index.html.erb within layouts/application (1.7ms)
  [1m[36mUser Load (0.2ms)[0m  [1m[34mSELECT  "users".* FROM "users" WHERE "users"."session_token" = $1 LIMIT $2[0m  [["session_token", "8YcJMqcZYPnBuUk-OKkTTg"], ["LIMIT", 1]]
  ↳ app/controllers/application_controller.rb:8
Completed 200 OK in 24ms (Views: 23.3ms | ActiveRecord: 0.5ms)


Started GET "/users" for ::1 at 2021-08-20 10:10:52 -0700
Processing by UsersController#index as HTML
  Rendering users/index.html.erb within layouts/application
  [1m[36mUser Load (0.3ms)[0m  [1m[34mSELECT "users".* FROM "users"[0m
  ↳ app/views/users/index.html.erb:4
  Rendered users/index.html.erb within layouts/application (1.6ms)
  [1m[36mUser Load (0.2ms)[0m  [1m[34mSELECT  "users".* FROM "users" WHERE "users"."session_token" = $1 LIMIT $2[0m  [["session_token", "8YcJMqcZYPnBuUk-OKkTTg"], ["LIMIT", 1]]
  ↳ app/controllers/application_controller.rb:8
Completed 200 OK in 31ms (Views: 30.0ms | ActiveRecord: 0.5ms)


Started GET "/users" for ::1 at 2021-08-20 10:11:42 -0700
Processing by UsersController#index as HTML
  Rendering users/index.html.erb within layouts/application
  [1m[36mUser Load (0.3ms)[0m  [1m[34mSELECT "users".* FROM "users"[0m
  ↳ app/views/users/index.html.erb:4
  Rendered users/index.html.erb within layouts/application (2.0ms)
  [1m[36mUser Load (0.2ms)[0m  [1m[34mSELECT  "users".* FROM "users" WHERE "users"."session_token" = $1 LIMIT $2[0m  [["session_token", "8YcJMqcZYPnBuUk-OKkTTg"], ["LIMIT", 1]]
  ↳ app/controllers/application_controller.rb:8
Completed 200 OK in 32ms (Views: 31.4ms | ActiveRecord: 0.5ms)


Started GET "/users" for ::1 at 2021-08-20 10:13:15 -0700
Processing by UsersController#index as HTML
  Rendering users/index.html.erb within layouts/application
  [1m[36mUser Load (0.3ms)[0m  [1m[34mSELECT "users".* FROM "users"[0m
  ↳ app/views/users/index.html.erb:4
  Rendered users/index.html.erb within layouts/application (2.2ms)
  [1m[36mUser Load (0.3ms)[0m  [1m[34mSELECT  "users".* FROM "users" WHERE "users"."session_token" = $1 LIMIT $2[0m  [["session_token", "8YcJMqcZYPnBuUk-OKkTTg"], ["LIMIT", 1]]
  ↳ app/controllers/application_controller.rb:8
Completed 200 OK in 32ms (Views: 31.6ms | ActiveRecord: 0.6ms)


Started DELETE "/session" for ::1 at 2021-08-20 10:13:17 -0700
Processing by SessionsController#destroy as HTML
  Parameters: {"authenticity_token"=>"MiB40wpT3BoYXUx78lEuVzcoqj51Wl+xNaQZHN1ORO8aX7C8nU1xzkUgI51JwF1JR4t6NaNaPj6ULJ0zYVYgkQ=="}
  [1m[36mUser Load (0.2ms)[0m  [1m[34mSELECT  "users".* FROM "users" WHERE "users"."session_token" = $1 LIMIT $2[0m  [["session_token", "8YcJMqcZYPnBuUk-OKkTTg"], ["LIMIT", 1]]
  ↳ app/controllers/application_controller.rb:8
  [1m[35m (0.2ms)[0m  [1m[35mBEGIN[0m
  ↳ app/models/user.rb:31
  [1m[36mUser Exists (0.2ms)[0m  [1m[34mSELECT  1 AS one FROM "users" WHERE "users"."username" = $1 AND "users"."id" != $2 LIMIT $3[0m  [["username", "Mickey"], ["id", 6], ["LIMIT", 1]]
  ↳ app/models/user.rb:31
  [1m[36mUser Exists (0.2ms)[0m  [1m[34mSELECT  1 AS one FROM "users" WHERE "users"."session_token" = $1 AND "users"."id" != $2 LIMIT $3[0m  [["session_token", "3e8KrWJ_IulhR0lp0Emg2Q"], ["id", 6], ["LIMIT", 1]]
  ↳ app/models/user.rb:31
  [1m[36mUser Update (0.3ms)[0m  [1m[33mUPDATE "users" SET "session_token" = $1, "updated_at" = $2 WHERE "users"."id" = $3[0m  [["session_token", "3e8KrWJ_IulhR0lp0Emg2Q"], ["updated_at", "2021-08-20 17:13:17.050510"], ["id", 6]]
  ↳ app/models/user.rb:31
  [1m[35m (0.8ms)[0m  [1m[35mCOMMIT[0m
  ↳ app/models/user.rb:31
Redirected to http://localhost:3000/session/new
Completed 302 Found in 9ms (ActiveRecord: 1.9ms)


Started GET "/session/new" for ::1 at 2021-08-20 10:13:17 -0700
Processing by SessionsController#new as HTML
  Rendering sessions/new.html.erb within layouts/application
  Rendered sessions/new.html.erb within layouts/application (0.4ms)
  [1m[36mUser Load (0.2ms)[0m  [1m[34mSELECT  "users".* FROM "users" WHERE "users"."session_token" IS NULL LIMIT $1[0m  [["LIMIT", 1]]
  ↳ app/controllers/application_controller.rb:8
Completed 200 OK in 31ms (Views: 30.3ms | ActiveRecord: 0.2ms)


Started GET "/users/new" for ::1 at 2021-08-20 10:13:24 -0700
Processing by UsersController#new as HTML
  Rendering users/new.html.erb within layouts/application
  Rendered users/new.html.erb within layouts/application (0.8ms)
  [1m[36mUser Load (0.2ms)[0m  [1m[34mSELECT  "users".* FROM "users" WHERE "users"."session_token" IS NULL LIMIT $1[0m  [["LIMIT", 1]]
  ↳ app/controllers/application_controller.rb:8
Completed 200 OK in 30ms (Views: 29.5ms | ActiveRecord: 0.2ms)


Started POST "/users" for ::1 at 2021-08-20 10:13:34 -0700
Processing by UsersController#create as HTML
  Parameters: {"authenticity_token"=>"lC1vtONTxQEVyuG7qqvGNcvjRdhHb/KA2YLiK/eZqDC8UqfbdE1o1Ui3jl0ROrUru0CV05Fvkw94CmYES4HMTg==", "user"=>{"username"=>"Mickey69", "password"=>"[FILTERED]"}}
  [1m[35m (0.2ms)[0m  [1m[35mBEGIN[0m
  ↳ app/controllers/users_controller.rb:20
  [1m[36mUser Exists (0.3ms)[0m  [1m[34mSELECT  1 AS one FROM "users" WHERE "users"."username" = $1 LIMIT $2[0m  [["username", "Mickey69"], ["LIMIT", 1]]
  ↳ app/controllers/users_controller.rb:20
  [1m[36mUser Exists (0.2ms)[0m  [1m[34mSELECT  1 AS one FROM "users" WHERE "users"."session_token" = $1 LIMIT $2[0m  [["session_token", "a3Wt-bWd4EEyUfzAOUOOqQ"], ["LIMIT", 1]]
  ↳ app/controllers/users_controller.rb:20
  [1m[36mUser Create (0.2ms)[0m  [1m[32mINSERT INTO "users" ("username", "password_digest", "session_token", "created_at", "updated_at") VALUES ($1, $2, $3, $4, $5) RETURNING "id"[0m  [["username", "Mickey69"], ["password_digest", "$2a$12$o539w0A6F6zhHFRwYPiIi.j9N.4GFvdtUmrqNYxsf2FOfziDgtiWi"], ["session_token", "a3Wt-bWd4EEyUfzAOUOOqQ"], ["created_at", "2021-08-20 17:13:34.555099"], ["updated_at", "2021-08-20 17:13:34.555099"]]
  ↳ app/controllers/users_controller.rb:20
  [1m[35m (1.5ms)[0m  [1m[35mCOMMIT[0m
  ↳ app/controllers/users_controller.rb:20
Redirected to http://localhost:3000/users/8
Completed 302 Found in 185ms (ActiveRecord: 2.3ms)


Started GET "/users/8" for ::1 at 2021-08-20 10:13:34 -0700
Processing by UsersController#show as HTML
  Parameters: {"id"=>"8"}
  [1m[36mUser Load (0.4ms)[0m  [1m[34mSELECT  "users".* FROM "users" WHERE "users"."id" = $1 LIMIT $2[0m  [["id", 8], ["LIMIT", 1]]
  ↳ app/controllers/users_controller.rb:8
  Rendering users/show.html.erb within layouts/application
  Rendered users/show.html.erb within layouts/application (0.3ms)
  [1m[36mUser Load (0.2ms)[0m  [1m[34mSELECT  "users".* FROM "users" WHERE "users"."session_token" IS NULL LIMIT $1[0m  [["LIMIT", 1]]
  ↳ app/controllers/application_controller.rb:8
Completed 200 OK in 29ms (Views: 26.8ms | ActiveRecord: 0.5ms)


Started GET "/users/8" for ::1 at 2021-08-20 10:14:06 -0700
Processing by UsersController#show as HTML
  Parameters: {"id"=>"8"}
  [1m[36mUser Load (0.2ms)[0m  [1m[34mSELECT  "users".* FROM "users" WHERE "users"."id" = $1 LIMIT $2[0m  [["id", 8], ["LIMIT", 1]]
  ↳ app/controllers/users_controller.rb:8
  Rendering users/show.html.erb within layouts/application
  Rendered users/show.html.erb within layouts/application (0.4ms)
  [1m[36mUser Load (0.2ms)[0m  [1m[34mSELECT  "users".* FROM "users" WHERE "users"."session_token" IS NULL LIMIT $1[0m  [["LIMIT", 1]]
  ↳ app/controllers/application_controller.rb:8
Completed 200 OK in 36ms (Views: 24.2ms | ActiveRecord: 3.2ms)


Started GET "/users" for ::1 at 2021-08-20 10:14:07 -0700
Processing by UsersController#index as HTML
  Rendering users/index.html.erb within layouts/application
  [1m[36mUser Load (0.2ms)[0m  [1m[34mSELECT "users".* FROM "users"[0m
  ↳ app/views/users/index.html.erb:4
  Rendered users/index.html.erb within layouts/application (9.1ms)
  [1m[36mUser Load (0.2ms)[0m  [1m[34mSELECT  "users".* FROM "users" WHERE "users"."session_token" IS NULL LIMIT $1[0m  [["LIMIT", 1]]
  ↳ app/controllers/application_controller.rb:8
Completed 200 OK in 36ms (Views: 29.7ms | ActiveRecord: 2.9ms)


Started GET "/session/new" for ::1 at 2021-08-20 10:14:09 -0700
Processing by SessionsController#new as HTML
  Rendering sessions/new.html.erb within layouts/application
  Rendered sessions/new.html.erb within layouts/application (0.5ms)
  [1m[36mUser Load (0.2ms)[0m  [1m[34mSELECT  "users".* FROM "users" WHERE "users"."session_token" IS NULL LIMIT $1[0m  [["LIMIT", 1]]
  ↳ app/controllers/application_controller.rb:8
Completed 200 OK in 29ms (Views: 28.8ms | ActiveRecord: 0.2ms)


Started GET "/users/new" for ::1 at 2021-08-20 10:14:11 -0700
Processing by UsersController#new as HTML
  Rendering users/new.html.erb within layouts/application
  Rendered users/new.html.erb within layouts/application (0.4ms)
  [1m[36mUser Load (0.3ms)[0m  [1m[34mSELECT  "users".* FROM "users" WHERE "users"."session_token" IS NULL LIMIT $1[0m  [["LIMIT", 1]]
  ↳ app/controllers/application_controller.rb:8
Completed 200 OK in 26ms (Views: 25.2ms | ActiveRecord: 0.3ms)


Started POST "/users" for ::1 at 2021-08-20 10:14:20 -0700
Processing by UsersController#create as HTML
  Parameters: {"authenticity_token"=>"9FQxLO7zt9eCF0GOe2PUpsNo22n9REK2f9zdU5wECNvcK/lDee0aA99qLmjA8qe4s8sLYitEIzneVFl8IBxspQ==", "user"=>{"username"=>"ConnorKZ", "password"=>"[FILTERED]"}}
  [1m[35m (0.2ms)[0m  [1m[35mBEGIN[0m
  ↳ app/controllers/users_controller.rb:20
  [1m[36mUser Exists (0.2ms)[0m  [1m[34mSELECT  1 AS one FROM "users" WHERE "users"."username" = $1 LIMIT $2[0m  [["username", "ConnorKZ"], ["LIMIT", 1]]
  ↳ app/controllers/users_controller.rb:20
  [1m[36mUser Exists (0.2ms)[0m  [1m[34mSELECT  1 AS one FROM "users" WHERE "users"."session_token" = $1 LIMIT $2[0m  [["session_token", "WaQA9yrwn7lou6zhpDbxYQ"], ["LIMIT", 1]]
  ↳ app/controllers/users_controller.rb:20
  [1m[36mUser Create (0.2ms)[0m  [1m[32mINSERT INTO "users" ("username", "password_digest", "session_token", "created_at", "updated_at") VALUES ($1, $2, $3, $4, $5) RETURNING "id"[0m  [["username", "ConnorKZ"], ["password_digest", "$2a$12$td9wDHqb5FXkXbYSbTmgCeCRXKWQUI9zE.tOqBpKZcnEnGHo07lh2"], ["session_token", "WaQA9yrwn7lou6zhpDbxYQ"], ["created_at", "2021-08-20 17:14:20.289644"], ["updated_at", "2021-08-20 17:14:20.289644"]]
  ↳ app/controllers/users_controller.rb:20
  [1m[35m (1.7ms)[0m  [1m[35mCOMMIT[0m
  ↳ app/controllers/users_controller.rb:20
  [1m[35m (0.1ms)[0m  [1m[35mBEGIN[0m
  ↳ app/models/user.rb:31
  [1m[36mUser Exists (0.2ms)[0m  [1m[34mSELECT  1 AS one FROM "users" WHERE "users"."username" = $1 AND "users"."id" != $2 LIMIT $3[0m  [["username", "ConnorKZ"], ["id", 9], ["LIMIT", 1]]
  ↳ app/models/user.rb:31
  [1m[36mUser Exists (0.2ms)[0m  [1m[34mSELECT  1 AS one FROM "users" WHERE "users"."session_token" = $1 AND "users"."id" != $2 LIMIT $3[0m  [["session_token", "Q8hxjg8QU9D16sd78K1xSQ"], ["id", 9], ["LIMIT", 1]]
  ↳ app/models/user.rb:31
  [1m[36mUser Update (0.2ms)[0m  [1m[33mUPDATE "users" SET "session_token" = $1, "updated_at" = $2 WHERE "users"."id" = $3[0m  [["session_token", "Q8hxjg8QU9D16sd78K1xSQ"], ["updated_at", "2021-08-20 17:14:20.296429"], ["id", 9]]
  ↳ app/models/user.rb:31
  [1m[35m (0.7ms)[0m  [1m[35mCOMMIT[0m
  ↳ app/models/user.rb:31
Redirected to http://localhost:3000/users/9
Completed 302 Found in 189ms (ActiveRecord: 3.9ms)


Started GET "/users/9" for ::1 at 2021-08-20 10:14:20 -0700
Processing by UsersController#show as HTML
  Parameters: {"id"=>"9"}
  [1m[36mUser Load (0.2ms)[0m  [1m[34mSELECT  "users".* FROM "users" WHERE "users"."id" = $1 LIMIT $2[0m  [["id", 9], ["LIMIT", 1]]
  ↳ app/controllers/users_controller.rb:8
  Rendering users/show.html.erb within layouts/application
  Rendered users/show.html.erb within layouts/application (0.3ms)
  [1m[36mUser Load (0.2ms)[0m  [1m[34mSELECT  "users".* FROM "users" WHERE "users"."session_token" = $1 LIMIT $2[0m  [["session_token", "Q8hxjg8QU9D16sd78K1xSQ"], ["LIMIT", 1]]
  ↳ app/controllers/application_controller.rb:8
Completed 200 OK in 25ms (Views: 23.4ms | ActiveRecord: 0.4ms)


Started GET "/users" for ::1 at 2021-08-20 10:14:23 -0700
Processing by UsersController#index as HTML
  Rendering users/index.html.erb within layouts/application
  [1m[36mUser Load (0.3ms)[0m  [1m[34mSELECT "users".* FROM "users"[0m
  ↳ app/views/users/index.html.erb:4
  Rendered users/index.html.erb within layouts/application (2.2ms)
  [1m[36mUser Load (0.2ms)[0m  [1m[34mSELECT  "users".* FROM "users" WHERE "users"."session_token" = $1 LIMIT $2[0m  [["session_token", "Q8hxjg8QU9D16sd78K1xSQ"], ["LIMIT", 1]]
  ↳ app/controllers/application_controller.rb:8
Completed 200 OK in 25ms (Views: 24.6ms | ActiveRecord: 0.5ms)


Started DELETE "/session" for ::1 at 2021-08-20 10:14:27 -0700
Processing by SessionsController#destroy as HTML
  Parameters: {"authenticity_token"=>"OKAsnaqvZgL2qcSMPcvv/wA60ae1Lq9sOzaFnsY9BX0Q3+TyPbHL1qvUq2qGWpzhcJkBrGMuzuOavgGxeiVhAw=="}
  [1m[36mUser Load (0.2ms)[0m  [1m[34mSELECT  "users".* FROM "users" WHERE "users"."session_token" = $1 LIMIT $2[0m  [["session_token", "Q8hxjg8QU9D16sd78K1xSQ"], ["LIMIT", 1]]
  ↳ app/controllers/application_controller.rb:8
  [1m[35m (0.1ms)[0m  [1m[35mBEGIN[0m
  ↳ app/models/user.rb:31
  [1m[36mUser Exists (0.2ms)[0m  [1m[34mSELECT  1 AS one FROM "users" WHERE "users"."username" = $1 AND "users"."id" != $2 LIMIT $3[0m  [["username", "ConnorKZ"], ["id", 9], ["LIMIT", 1]]
  ↳ app/models/user.rb:31
  [1m[36mUser Exists (0.2ms)[0m  [1m[34mSELECT  1 AS one FROM "users" WHERE "users"."session_token" = $1 AND "users"."id" != $2 LIMIT $3[0m  [["session_token", "5bX1R9kuGLcTmXVmLuQGgQ"], ["id", 9], ["LIMIT", 1]]
  ↳ app/models/user.rb:31
  [1m[36mUser Update (0.2ms)[0m  [1m[33mUPDATE "users" SET "session_token" = $1, "updated_at" = $2 WHERE "users"."id" = $3[0m  [["session_token", "5bX1R9kuGLcTmXVmLuQGgQ"], ["updated_at", "2021-08-20 17:14:27.837928"], ["id", 9]]
  ↳ app/models/user.rb:31
  [1m[35m (1.5ms)[0m  [1m[35mCOMMIT[0m
  ↳ app/models/user.rb:31
Redirected to http://localhost:3000/session/new
Completed 302 Found in 10ms (ActiveRecord: 2.4ms)


Started GET "/session/new" for ::1 at 2021-08-20 10:14:27 -0700
Processing by SessionsController#new as HTML
  Rendering sessions/new.html.erb within layouts/application
  Rendered sessions/new.html.erb within layouts/application (0.5ms)
  [1m[36mUser Load (0.2ms)[0m  [1m[34mSELECT  "users".* FROM "users" WHERE "users"."session_token" IS NULL LIMIT $1[0m  [["LIMIT", 1]]
  ↳ app/controllers/application_controller.rb:8
Completed 200 OK in 23ms (Views: 22.0ms | ActiveRecord: 0.2ms)


